make all -f /Users/yaroslav/Documents/uni/RedNoise/Makefile --print-data-base --no-builtin-variables --no-builtin-rules --question
# GNU Make 3.81
# Copyright (C) 2006  Free Software Foundation, Inc.
# This is free software; see the source for copying conditions.
# There is NO warranty; not even for MERCHANTABILITY or FITNESS FOR A
# PARTICULAR PURPOSE.

# This program built for i386-apple-darwin11.3.0
 
make: *** No rule to make target `all'.  Stop.


# Make data base, printed on Mon Oct  3 14:15:18 2022

# Variables

# automatic
<D = $(patsubst %/,%,$(dir $<))
# automatic
?F = $(notdir $?)
# makefile (from `/Users/yaroslav/Documents/uni/RedNoise/Makefile', line 11)
 
SDW_SOURCE_FILES := ./libs/sdw/CanvasPoint.cpp ./libs/sdw/CanvasTriangle.cpp ./libs/sdw/Colour.cpp ./libs/sdw/DrawingWindow.cpp ./libs/sdw/ModelTriangle.cpp ./libs/sdw/RayTriangleIntersection.cpp ./libs/sdw/TextureMap.cpp ./libs/sdw/TexturePoint.cpp ./libs/sdw/Utils.cpp
# makefile (from `/Users/yaroslav/Documents/uni/RedNoise/Makefile', line 18)
FUSSY_OPTIONS := -Werror -pedantic
# automatic
?D = $(patsubst %/,%,$(dir $?))
# automatic
@D = $(patsubst %/,%,$(dir $@))
# automatic
@F = $(notdir $@)
# makefile
CURDIR := /Users/yaroslav/Documents/uni/RedNoise
# makefile
SHELL = /bin/sh
# environment
VSCODE_NLS_CONFIG = {"locale":"en-gb","availableLanguages":{},"_languagePackSupport":true}
# environment
_ = /usr/bin/make
# makefile (from `/Users/yaroslav/Documents/uni/RedNoise/Makefile', line 17)
DEBUG_OPTIONS := -ggdb -g3
# makefile (from `/Users/yaroslav/Documents/uni/RedNoise/Makefile', line 24)
SDW_COMPILER_FLAGS := -I./libs/sdw/
# makefile (from `/Users/yaroslav/Documents/uni/RedNoise/Makefile', line 1)
MAKEFILE_LIST :=  /Users/yaroslav/Documents/uni/RedNoise/Makefile
# environment
__CFBundleIdentifier = com.microsoft.VSCode
# environment
VSCODE_CWD = /
# environment
PATH = /Users/yaroslav/.cabal/bin:/Users/yaroslav/.ghcup/bin:/opt/local/bin:/opt/local/sbin:/Users/yaroslav/.cargo/bin:/usr/local/bin:/usr/bin:/bin:/usr/sbin:/sbin:/Users/yaroslav/Downloads/flutter/bin:/usr/local/go:/usr/local/go/bin:/usr/local/share/dotnet:/Users/yaroslav/fuchsia/.jiri_root/bin:/opt/X11/bin:~/.dotnet/tools:/Library/Apple/usr/bin:/Library/Frameworks/Mono.framework/Versions/Current/Commands:/Applications/Wireshark.app/Contents/MacOS
# makefile (from `/Users/yaroslav/Documents/uni/RedNoise/Makefile', line 32)
SDW_LINKER_FLAGS :=  build/CanvasPoint.o  build/CanvasTriangle.o  build/Colour.o  build/DrawingWindow.o  build/ModelTriangle.o  build/RayTriangleIntersection.o  build/TextureMap.o  build/TexturePoint.o  build/Utils.o
# makefile (from `/Users/yaroslav/Documents/uni/RedNoise/Makefile', line 28)
SDL_COMPILER_FLAGS := -I/usr/local/include/SDL2 -D_THREAD_SAFE
# makefile (from `/Users/yaroslav/Documents/uni/RedNoise/Makefile', line 25)
GLM_COMPILER_FLAGS := -I./libs/glm-0.9.7.2/
# environment
GOPATH = /Users/yaroslav/go
# environment
ELECTRON_RUN_AS_NODE = 1
# default
.FEATURES := target-specific order-only second-expansion else-if archives jobserver check-symlink
# environment
SSH_AUTH_SOCK = /private/tmp/com.apple.launchd.GFYcbJ43er/Listeners
# automatic
%F = $(notdir $%)
# environment
DISPLAY = /private/tmp/com.apple.launchd.IlEO0wk4Bv/org.xquartz:0
# makefile (from `/Users/yaroslav/Documents/uni/RedNoise/Makefile', line 19)
SANITIZER_OPTIONS := -O1 -fsanitize=undefined -fsanitize=address -fno-omit-frame-pointer
# environment
PWD = /Users/yaroslav/Documents/uni/RedNoise
# environment
ORIGINAL_XDG_CURRENT_DESKTOP = undefined
# environment
VSCODE_AMD_ENTRYPOINT = vs/workbench/api/node/extensionHostProcess
# environment
HOME = /Users/yaroslav
# default
MAKEFILEPATH := /Applications/Xcode.app/Contents/Developer/Makefiles
# environment
VSCODE_CODE_CACHE_PATH = /Users/yaroslav/Library/Application Support/Code/CachedData/74b1f979648cc44d385a2286793c226e611f59e7
# environment
LOGNAME = yaroslav
# environment
APPLICATION_INSIGHTS_NO_DIAGNOSTIC_CHANNEL = 1
# environment
VSCODE_HANDLES_UNCAUGHT_ERRORS = true
# automatic
^D = $(patsubst %/,%,$(dir $^))
# environment
XPC_FLAGS = 0x0
# default
MAKE = $(MAKE_COMMAND)
# default
MAKECMDGOALS := all
# environment
SHLVL = 1
# makefile (from `/Users/yaroslav/Documents/uni/RedNoise/Makefile', line 7)
OBJECT_FILE := build/RedNoise.o
 
# makefile (from `/Users/yaroslav/Documents/uni/RedNoise/Makefile', line 3)
BUILD_DIR := build
# default
MAKE_VERSION := 3.81
# environment
USER = yaroslav
# makefile
.DEFAULT_GOAL := default
# makefile (from `/Users/yaroslav/Documents/uni/RedNoise/Makefile', line 21)
LINKER_OPTIONS := 
# automatic
%D = $(patsubst %/,%,$(dir $%))
# makefile (from `/Users/yaroslav/Documents/uni/RedNoise/Makefile', line 9)
SDW_DIR := ./libs/sdw/
# default
MAKE_COMMAND := /Applications/Xcode.app/Contents/Developer/usr/bin/make
# default
.VARIABLES := 
# environment
TMPDIR = /var/folders/23/j7nvk9w557q1rhpf4_w2r_b80000gn/T/
# automatic
*F = $(notdir $*)
# environment
VSCODE_IPC_HOOK = /Users/yaroslav/Library/Application Support/Code/1.71.2-main.sock
# environment
MallocNanoZone = 0
# makefile
MAKEFLAGS = Rrqp
# environment
MFLAGS = -Rrqp
# automatic
*D = $(patsubst %/,%,$(dir $*))
# environment
XPC_SERVICE_NAME = application.com.microsoft.VSCode.109790282.109790288
# makefile (from `/Users/yaroslav/Documents/uni/RedNoise/Makefile', line 16)
COMPILER_OPTIONS := -c -pipe -Wall -std=c++11 
# automatic
+D = $(patsubst %/,%,$(dir $+))
# automatic
+F = $(notdir $+)
# makefile (from `/Users/yaroslav/Documents/uni/RedNoise/Makefile', line 31)
SDL_LINKER_FLAGS := -L/usr/local/lib -lSDL2
# environment
__CF_USER_TEXT_ENCODING = 0x1F5:0x0:0x2
# environment
COMMAND_MODE = unix2003
# makefile (from `/Users/yaroslav/Documents/uni/RedNoise/Makefile', line 15)
COMPILER := clang++
# default
MAKEFILES := 
# automatic
<F = $(notdir $<)
# makefile (from `/Users/yaroslav/Documents/uni/RedNoise/Makefile', line 8)
EXECUTABLE := build/RedNoise
# makefile (from `/Users/yaroslav/Documents/uni/RedNoise/Makefile', line 20)
SPEEDY_OPTIONS := -Ofast -funsafe-math-optimizations -march=native
# makefile (from `/Users/yaroslav/Documents/uni/RedNoise/Makefile', line 1)
PROJECT_NAME := RedNoise
# makefile (from `/Users/yaroslav/Documents/uni/RedNoise/Makefile', line 10)
GLM_DIR := ./libs/glm-0.9.7.2/
# environment
LC_ALL = C
# automatic
^F = $(notdir $^)
# default
SUFFIXES := 
# makefile (from `/Users/yaroslav/Documents/uni/RedNoise/Makefile', line 6)
SOURCE_FILE := src/RedNoise.cpp
# default
.INCLUDE_DIRS = /usr/local/include
# makefile (from `/Users/yaroslav/Documents/uni/RedNoise/Makefile', line 12)
SDW_OBJECT_FILES :=  build/CanvasPoint.o  build/CanvasTriangle.o  build/Colour.o  build/DrawingWindow.o  build/ModelTriangle.o  build/RayTriangleIntersection.o  build/TextureMap.o  build/TexturePoint.o  build/Utils.o
# environment
MAKELEVEL := 0
# environment
LANG = C
# environment
VSCODE_PID = 31610
# variable set hash-table stats:
# Load=81/1024=8%, Rehash=0, Collisions=2/127=2%

# Pattern-specific Variable Values

# No pattern-specific variable values.

# Directories

# ./libs/sdw (device 16777220, inode 109789883): 20 files, no impossibilities.

# 20 files, no impossibilities in 1 directories.

# Implicit Rules

build/%.o: ./libs/sdw/%.cpp
#  commands to execute (from `/Users/yaroslav/Documents/uni/RedNoise/Makefile', line 63):
	@mkdir -p $(BUILD_DIR)
	$(COMPILER) $(COMPILER_OPTIONS) -c -o $@ $^ $(SDL_COMPILER_FLAGS) $(GLM_COMPILER_FLAGS)
	

# 1 implicit rules, 0 (0.0%) terminal.

# Files

# Not a target:
build/CanvasPoint.o:
#  Implicit rule search has not been done.
#  Modification time never checked.
#  File has not been updated.

# Not a target:
all:
#  Command-line target.
#  Implicit rule search has been done.
#  File does not exist.
#  File has not been updated.
# variable set hash-table stats:
# Load=0/32=0%, Rehash=0, Collisions=0/0=0%

# Not a target:
build/CanvasTriangle.o:
#  Implicit rule search has not been done.
#  Modification time never checked.
#  File has not been updated.

# Not a target:
.SUFFIXES:
#  Implicit rule search has not been done.
#  Modification time never checked.
#  File has not been updated.

debug: build/CanvasPoint.o build/CanvasTriangle.o build/Colour.o build/DrawingWindow.o build/ModelTriangle.o build/RayTriangleIntersection.o build/TextureMap.o build/TexturePoint.o build/Utils.o
#  Implicit rule search has not been done.
#  Modification time never checked.
#  File has not been updated.
#  commands to execute (from `/Users/yaroslav/Documents/uni/RedNoise/Makefile', line 38):
	$(COMPILER) $(COMPILER_OPTIONS) $(DEBUG_OPTIONS) -o $(OBJECT_FILE) $(SOURCE_FILE) $(SDL_COMPILER_FLAGS) $(SDW_COMPILER_FLAGS) $(GLM_COMPILER_FLAGS)
	$(COMPILER) $(LINKER_OPTIONS) $(DEBUG_OPTIONS) -o $(EXECUTABLE) $(OBJECT_FILE) $(SDW_LINKER_FLAGS) $(SDL_LINKER_FLAGS)
	./$(EXECUTABLE)
	

speedy: build/CanvasPoint.o build/CanvasTriangle.o build/Colour.o build/DrawingWindow.o build/ModelTriangle.o build/RayTriangleIntersection.o build/TextureMap.o build/TexturePoint.o build/Utils.o
#  Implicit rule search has not been done.
#  Modification time never checked.
#  File has not been updated.
#  commands to execute (from `/Users/yaroslav/Documents/uni/RedNoise/Makefile', line 51):
	$(COMPILER) $(COMPILER_OPTIONS) $(SPEEDY_OPTIONS) -o $(OBJECT_FILE) $(SOURCE_FILE) $(SDL_COMPILER_FLAGS) $(SDW_COMPILER_FLAGS) $(GLM_COMPILER_FLAGS)
	$(COMPILER) $(LINKER_OPTIONS) $(SPEEDY_OPTIONS) -o $(EXECUTABLE) $(OBJECT_FILE) $(SDW_LINKER_FLAGS) $(SDL_LINKER_FLAGS)
	./$(EXECUTABLE)
	

 
default: debug
#  Implicit rule search has not been done.
#  Modification time never checked.
#  File has not been updated.

# Not a target:
build/ModelTriangle.o:
#  Implicit rule search has not been done.
#  Modification time never checked.
#  File has not been updated.

# Not a target:
.DEFAULT:
#  Implicit rule search has not been done.
#  Modification time never checked.
#  File has not been updated.

# Not a target:
build/Colour.o:
#  Implicit rule search has not been done.
#  Modification time never checked.
#  File has not been updated.

clean:
#  Implicit rule search has not been done.
#  Modification time never checked.
#  File has not been updated.
#  commands to execute (from `/Users/yaroslav/Documents/uni/RedNoise/Makefile', line 68):
	rm $(BUILD_DIR)/*
	

# Not a target:
build/TextureMap.o:
#  Implicit rule search has not been done.
#  Modification time never checked.
#  File has not been updated.

# Not a target:
build/TexturePoint.o:
#  Implicit rule search has not been done.
#  Modification time never checked.
#  File has not been updated.

# Not a target:
build/RayTriangleIntersection.o:
#  Implicit rule search has not been done.
#  Modification time never checked.
#  File has not been updated.

production: build/CanvasPoint.o build/CanvasTriangle.o build/Colour.o build/DrawingWindow.o build/ModelTriangle.o build/RayTriangleIntersection.o build/TextureMap.o build/TexturePoint.o build/Utils.o
#  Implicit rule search has not been done.
#  Modification time never checked.
#  File has not been updated.
#  commands to execute (from `/Users/yaroslav/Documents/uni/RedNoise/Makefile', line 57):
	$(COMPILER) $(COMPILER_OPTIONS) -o $(OBJECT_FILE) $(SOURCE_FILE) $(SDL_COMPILER_FLAGS) $(SDW_COMPILER_FLAGS) $(GLM_COMPILER_FLAGS)
	$(COMPILER) $(LINKER_OPTIONS) -o $(EXECUTABLE) $(OBJECT_FILE) $(SDW_LINKER_FLAGS) $(SDL_LINKER_FLAGS)
	./$(EXECUTABLE)
	

diagnostic: build/CanvasPoint.o build/CanvasTriangle.o build/Colour.o build/DrawingWindow.o build/ModelTriangle.o build/RayTriangleIntersection.o build/TextureMap.o build/TexturePoint.o build/Utils.o
#  Implicit rule search has not been done.
#  Modification time never checked.
#  File has not been updated.
#  commands to execute (from `/Users/yaroslav/Documents/uni/RedNoise/Makefile', line 45):
	$(COMPILER) $(COMPILER_OPTIONS) $(FUSSY_OPTIONS) $(SANITIZER_OPTIONS) -o $(OBJECT_FILE) $(SOURCE_FILE) $(SDL_COMPILER_FLAGS) $(SDW_COMPILER_FLAGS) $(GLM_COMPILER_FLAGS)
	$(COMPILER) $(LINKER_OPTIONS) $(FUSSY_OPTIONS) $(SANITIZER_OPTIONS) -o $(EXECUTABLE) $(OBJECT_FILE) $(SDW_LINKER_FLAGS) $(SDL_LINKER_FLAGS)
	./$(EXECUTABLE)
	

# Not a target:
build/DrawingWindow.o:
#  Implicit rule search has not been done.
#  Modification time never checked.
#  File has not been updated.

# Not a target:
/Users/yaroslav/Documents/uni/RedNoise/Makefile:
#  Implicit rule search has been done.
#  Last modified 2022-10-03 14:15:08
#  File has been updated.
#  Successfully updated.
# variable set hash-table stats:
# Load=0/32=0%, Rehash=0, Collisions=0/0=0%

# Not a target:
build/Utils.o:
#  Implicit rule search has not been done.
#  Modification time never checked.
#  File has not been updated.

# files hash-table stats:
# Load=19/1024=2%, Rehash=0, Collisions=0/68=0%
# VPATH Search Paths

# No `vpath' search paths.

# No general (`VPATH' variable) search path.

# # of strings in strcache: 1
# # of strcache buffers: 1
# strcache size: total = 4096 / max = 4096 / min = 4096 / avg = 4096
# strcache free: total = 4048 / max = 4048 / min = 4048 / avg = 4048

# Finished Make data base on Mon Oct  3 14:15:18 2022

 
